<?xml version="1.0" encoding="UTF-8"?>
<!-- Generated by org.testng.reporters.JUnitReportReporter -->
<testsuite hostname="DESKTOP-3PKNHUN" failures="0" tests="11" name="com.Capium.TestRunFiles.Capium_BK_Sales_runfile" time="965.857" errors="0" timestamp="2025-06-22T16:10:08 IST" skipped="0">
  <testcase classname="com.Capium.TestRunFiles.Capium_BK_Sales_runfile" name="runScenario" time="95.158"/>
  <testcase classname="com.Capium.TestRunFiles.Capium_BK_Sales_runfile" name="runScenario" time="93.004"/>
  <testcase classname="com.Capium.TestRunFiles.Capium_BK_Sales_runfile" name="runScenario" time="120.939"/>
  <testcase classname="com.Capium.TestRunFiles.Capium_BK_Sales_runfile" name="runScenario" time="77.577"/>
  <testcase classname="com.Capium.TestRunFiles.Capium_BK_Sales_runfile" name="runScenario" time="95.045"/>
  <testcase classname="com.Capium.TestRunFiles.Capium_BK_Sales_runfile" name="runScenario" time="71.605"/>
  <testcase classname="com.Capium.TestRunFiles.Capium_BK_Sales_runfile" name="runScenario" time="120.057"/>
  <testcase classname="com.Capium.TestRunFiles.Capium_BK_Sales_runfile" name="runScenario" time="53.314"/>
  <testcase classname="com.Capium.TestRunFiles.Capium_BK_Sales_runfile" name="runScenario" time="105.766"/>
  <testcase classname="com.Capium.TestRunFiles.Capium_BK_Sales_runfile" name="runScenario" time="63.292"/>
  <testcase classname="com.Capium.TestRunFiles.Capium_BK_Sales_runfile" name="runScenario" time="70.100"/>
</testsuite> <!-- com.Capium.TestRunFiles.Capium_BK_Sales_runfile -->
