<?xml version="1.0" encoding="UTF-8"?>
<!-- Generated by org.testng.reporters.JUnitReportReporter -->
<testsuite hostname="DESKTOP-3PKNHUN" failures="0" tests="1" name="com.Capium.TestRunFiles.Capium_BK_Dashboard_runfile" time="87.024" errors="0" timestamp="2025-06-30T17:09:14 IST" skipped="0">
  <testcase classname="com.Capium.TestRunFiles.Capium_BK_Dashboard_runfile" name="runScenario" time="87.024"/>
</testsuite> <!-- com.Capium.TestRunFiles.Capium_BK_Dashboard_runfile -->
