<?xml version="1.0" encoding="UTF-8"?>
<!-- Generated by org.testng.reporters.JUnitReportReporter -->
<testsuite hostname="DESKTOP-3PKNHUN" failures="0" tests="7" name="com.Capium.TestRunFiles.Capium_BK_QuickEntry_runfile" time="299.638" errors="0" timestamp="2025-06-22T16:10:08 IST" skipped="0">
  <testcase classname="com.Capium.TestRunFiles.Capium_BK_QuickEntry_runfile" name="runScenario" time="47.629"/>
  <testcase classname="com.Capium.TestRunFiles.Capium_BK_QuickEntry_runfile" name="runScenario" time="38.848"/>
  <testcase classname="com.Capium.TestRunFiles.Capium_BK_QuickEntry_runfile" name="runScenario" time="38.294"/>
  <testcase classname="com.Capium.TestRunFiles.Capium_BK_QuickEntry_runfile" name="runScenario" time="45.020"/>
  <testcase classname="com.Capium.TestRunFiles.Capium_BK_QuickEntry_runfile" name="runScenario" time="43.287"/>
  <testcase classname="com.Capium.TestRunFiles.Capium_BK_QuickEntry_runfile" name="runScenario" time="47.153"/>
  <testcase classname="com.Capium.TestRunFiles.Capium_BK_QuickEntry_runfile" name="runScenario" time="39.407"/>
</testsuite> <!-- com.Capium.TestRunFiles.Capium_BK_QuickEntry_runfile -->
