<?xml version="1.0" encoding="UTF-8"?>
<!-- Generated by org.testng.reporters.JUnitReportReporter -->
<testsuite hostname="DESKTOP-3PKNHUN" failures="0" tests="3" name="com.Capium.TestRunFiles.Capium_BK_Contacts_runfile" time="223.536" errors="0" timestamp="2025-06-22T16:10:08 IST" skipped="0">
  <testcase classname="com.Capium.TestRunFiles.Capium_BK_Contacts_runfile" name="runScenario" time="75.626"/>
  <testcase classname="com.Capium.TestRunFiles.Capium_BK_Contacts_runfile" name="runScenario" time="63.138"/>
  <testcase classname="com.Capium.TestRunFiles.Capium_BK_Contacts_runfile" name="runScenario" time="84.772"/>
</testsuite> <!-- com.Capium.TestRunFiles.Capium_BK_Contacts_runfile -->
