<?xml version="1.0" encoding="UTF-8"?>
<!-- Generated by org.testng.reporters.JUnitReportReporter -->
<testsuite hostname="DESKTOP-3PKNHUN" failures="0" tests="1" name="com.Capium.TestRunFiles.Capium_Login_runfile" time="39.154" errors="0" timestamp="2025-07-01T15:54:39 IST" skipped="0">
  <testcase classname="com.Capium.TestRunFiles.Capium_Login_runfile" name="runScenario" time="39.154"/>
</testsuite> <!-- com.Capium.TestRunFiles.Capium_Login_runfile -->
