<?xml version="1.0" encoding="UTF-8"?>
<!-- Generated by org.testng.reporters.JUnitReportReporter -->
<testsuite hostname="DESKTOP-3PKNHUN" failures="0" tests="1" name="com.Capium.TestRunFiles.Capium_BK_Schedule_runfile" time="59.330" errors="0" timestamp="2025-06-22T16:29:41 IST" skipped="0">
  <testcase classname="com.Capium.TestRunFiles.Capium_BK_Schedule_runfile" name="runScenario" time="59.330"/>
</testsuite> <!-- com.Capium.TestRunFiles.Capium_BK_Schedule_runfile -->
