<?xml version="1.0" encoding="UTF-8"?>
<!-- Generated by org.testng.reporters.JUnitReportReporter -->
<testsuite hostname="DESKTOP-3PKNHUN" failures="0" tests="30" name="com.Capium.TestRunFiles.Capium_BK_Reports_runfile" time="1197.272" errors="0" timestamp="2025-06-22T16:10:08 IST" skipped="0">
  <testcase classname="com.Capium.TestRunFiles.Capium_BK_Reports_runfile" name="runScenario" time="38.674"/>
  <testcase classname="com.Capium.TestRunFiles.Capium_BK_Reports_runfile" name="runScenario" time="38.452"/>
  <testcase classname="com.Capium.TestRunFiles.Capium_BK_Reports_runfile" name="runScenario" time="40.583"/>
  <testcase classname="com.Capium.TestRunFiles.Capium_BK_Reports_runfile" name="runScenario" time="71.824"/>
  <testcase classname="com.Capium.TestRunFiles.Capium_BK_Reports_runfile" name="runScenario" time="34.579"/>
  <testcase classname="com.Capium.TestRunFiles.Capium_BK_Reports_runfile" name="runScenario" time="43.021"/>
  <testcase classname="com.Capium.TestRunFiles.Capium_BK_Reports_runfile" name="runScenario" time="45.514"/>
  <testcase classname="com.Capium.TestRunFiles.Capium_BK_Reports_runfile" name="runScenario" time="39.720"/>
  <testcase classname="com.Capium.TestRunFiles.Capium_BK_Reports_runfile" name="runScenario" time="39.113"/>
  <testcase classname="com.Capium.TestRunFiles.Capium_BK_Reports_runfile" name="runScenario" time="36.755"/>
  <testcase classname="com.Capium.TestRunFiles.Capium_BK_Reports_runfile" name="runScenario" time="38.465"/>
  <testcase classname="com.Capium.TestRunFiles.Capium_BK_Reports_runfile" name="runScenario" time="42.576"/>
  <testcase classname="com.Capium.TestRunFiles.Capium_BK_Reports_runfile" name="runScenario" time="40.288"/>
  <testcase classname="com.Capium.TestRunFiles.Capium_BK_Reports_runfile" name="runScenario" time="37.146"/>
  <testcase classname="com.Capium.TestRunFiles.Capium_BK_Reports_runfile" name="runScenario" time="36.765"/>
  <testcase classname="com.Capium.TestRunFiles.Capium_BK_Reports_runfile" name="runScenario" time="37.819"/>
  <testcase classname="com.Capium.TestRunFiles.Capium_BK_Reports_runfile" name="runScenario" time="37.333"/>
  <testcase classname="com.Capium.TestRunFiles.Capium_BK_Reports_runfile" name="runScenario" time="42.117"/>
  <testcase classname="com.Capium.TestRunFiles.Capium_BK_Reports_runfile" name="runScenario" time="41.018"/>
  <testcase classname="com.Capium.TestRunFiles.Capium_BK_Reports_runfile" name="runScenario" time="35.215"/>
  <testcase classname="com.Capium.TestRunFiles.Capium_BK_Reports_runfile" name="runScenario" time="34.641"/>
  <testcase classname="com.Capium.TestRunFiles.Capium_BK_Reports_runfile" name="runScenario" time="45.448"/>
  <testcase classname="com.Capium.TestRunFiles.Capium_BK_Reports_runfile" name="runScenario" time="42.129"/>
  <testcase classname="com.Capium.TestRunFiles.Capium_BK_Reports_runfile" name="runScenario" time="36.557"/>
  <testcase classname="com.Capium.TestRunFiles.Capium_BK_Reports_runfile" name="runScenario" time="39.978"/>
  <testcase classname="com.Capium.TestRunFiles.Capium_BK_Reports_runfile" name="runScenario" time="33.786"/>
  <testcase classname="com.Capium.TestRunFiles.Capium_BK_Reports_runfile" name="runScenario" time="35.021"/>
  <testcase classname="com.Capium.TestRunFiles.Capium_BK_Reports_runfile" name="runScenario" time="40.254"/>
  <testcase classname="com.Capium.TestRunFiles.Capium_BK_Reports_runfile" name="runScenario" time="37.818"/>
  <testcase classname="com.Capium.TestRunFiles.Capium_BK_Reports_runfile" name="runScenario" time="34.663"/>
</testsuite> <!-- com.Capium.TestRunFiles.Capium_BK_Reports_runfile -->
