<?xml version="1.0" encoding="UTF-8"?>
<!-- Generated by org.testng.reporters.JUnitReportReporter -->
<testsuite hostname="DESKTOP-3PKNHUN" failures="0" tests="14" name="com.Capium.TestRunFiles.Capium_BK_purchase_runfile" time="978.584" errors="0" timestamp="2025-06-22T16:10:08 IST" skipped="0">
  <testcase classname="com.Capium.TestRunFiles.Capium_BK_purchase_runfile" name="runScenario" time="46.794"/>
  <testcase classname="com.Capium.TestRunFiles.Capium_BK_purchase_runfile" name="runScenario" time="45.247"/>
  <testcase classname="com.Capium.TestRunFiles.Capium_BK_purchase_runfile" name="runScenario" time="52.065"/>
  <testcase classname="com.Capium.TestRunFiles.Capium_BK_purchase_runfile" name="runScenario" time="102.700"/>
  <testcase classname="com.Capium.TestRunFiles.Capium_BK_purchase_runfile" name="runScenario" time="79.915"/>
  <testcase classname="com.Capium.TestRunFiles.Capium_BK_purchase_runfile" name="runScenario" time="202.235"/>
  <testcase classname="com.Capium.TestRunFiles.Capium_BK_purchase_runfile" name="runScenario" time="64.154"/>
  <testcase classname="com.Capium.TestRunFiles.Capium_BK_purchase_runfile" name="runScenario" time="42.894"/>
  <testcase classname="com.Capium.TestRunFiles.Capium_BK_purchase_runfile" name="runScenario" time="38.670"/>
  <testcase classname="com.Capium.TestRunFiles.Capium_BK_purchase_runfile" name="runScenario" time="102.714"/>
  <testcase classname="com.Capium.TestRunFiles.Capium_BK_purchase_runfile" name="runScenario" time="40.516"/>
  <testcase classname="com.Capium.TestRunFiles.Capium_BK_purchase_runfile" name="runScenario" time="59.551"/>
  <testcase classname="com.Capium.TestRunFiles.Capium_BK_purchase_runfile" name="runScenario" time="62.608"/>
  <testcase classname="com.Capium.TestRunFiles.Capium_BK_purchase_runfile" name="runScenario" time="38.521"/>
</testsuite> <!-- com.Capium.TestRunFiles.Capium_BK_purchase_runfile -->
