<?xml version="1.0" encoding="UTF-8"?>
<!-- Generated by org.testng.reporters.JUnitReportReporter -->
<testsuite hostname="DESKTOP-3PKNHUN" failures="0" tests="11" name="com.Capium.TestRunFiles.Capium_BK_Sales_runfile" time="604.648" errors="0" timestamp="2025-06-25T19:44:49 IST" skipped="0">
  <testcase classname="com.Capium.TestRunFiles.Capium_BK_Sales_runfile" name="runScenario" time="77.075"/>
  <testcase classname="com.Capium.TestRunFiles.Capium_BK_Sales_runfile" name="runScenario" time="43.134"/>
  <testcase classname="com.Capium.TestRunFiles.Capium_BK_Sales_runfile" name="runScenario" time="55.825"/>
  <testcase classname="com.Capium.TestRunFiles.Capium_BK_Sales_runfile" name="runScenario" time="85.619"/>
  <testcase classname="com.Capium.TestRunFiles.Capium_BK_Sales_runfile" name="runScenario" time="76.898"/>
  <testcase classname="com.Capium.TestRunFiles.Capium_BK_Sales_runfile" name="runScenario" time="39.696"/>
  <testcase classname="com.Capium.TestRunFiles.Capium_BK_Sales_runfile" name="runScenario" time="31.455"/>
  <testcase classname="com.Capium.TestRunFiles.Capium_BK_Sales_runfile" name="runScenario" time="61.314"/>
  <testcase classname="com.Capium.TestRunFiles.Capium_BK_Sales_runfile" name="runScenario" time="42.983"/>
  <testcase classname="com.Capium.TestRunFiles.Capium_BK_Sales_runfile" name="runScenario" time="45.207"/>
  <testcase classname="com.Capium.TestRunFiles.Capium_BK_Sales_runfile" name="runScenario" time="45.442"/>
</testsuite> <!-- com.Capium.TestRunFiles.Capium_BK_Sales_runfile -->
