<?xml version="1.0" encoding="UTF-8"?>
<!-- Generated by org.testng.reporters.JUnitReportReporter -->
<testsuite hostname="DESKTOP-3PKNHUN" failures="0" tests="1" name="com.Capium.TestRunFiles.Capium_ClientCreation_runfile" time="42.281" errors="0" timestamp="2025-06-23T13:18:28 IST" skipped="0">
  <testcase classname="com.Capium.TestRunFiles.Capium_ClientCreation_runfile" name="runScenario" time="42.281"/>
</testsuite> <!-- com.Capium.TestRunFiles.Capium_ClientCreation_runfile -->
